2019-05-23 18:56:59  [ main:0 ] - [ INFO ]  Using ConnectionProvider class 'org.quartz.utils.C3p0PoolingConnectionProvider' for data source 'myDS'
2019-05-23 18:56:59  [ MLog-Init-Reporter:82 ] - [ INFO ]  MLog clients using slf4j logging.
2019-05-23 18:56:59  [ MLog-Init-Reporter:103 ] - [ DEBUG ]  Reading VM config for path list /com/mchange/v2/log/default-mchange-log.properties, /mchange-commons.properties, /c3p0.properties, hocon:/reference,/application,/c3p0,/, /mchange-log.properties, /
2019-05-23 18:56:59  [ MLog-Init-Reporter:106 ] - [ DEBUG ]  The configuration file for resource identifier '/mchange-commons.properties' could not be found. Skipping.
2019-05-23 18:56:59  [ MLog-Init-Reporter:106 ] - [ DEBUG ]  The configuration file for resource identifier '/c3p0.properties' could not be found. Skipping.
2019-05-23 18:56:59  [ MLog-Init-Reporter:108 ] - [ DEBUG ]  The configuration file for resource identifier 'hocon:/reference,/application,/c3p0,/' could not be found. Skipping.
2019-05-23 18:56:59  [ MLog-Init-Reporter:108 ] - [ DEBUG ]  The configuration file for resource identifier '/mchange-log.properties' could not be found. Skipping.
2019-05-23 18:56:59  [ main:116 ] - [ DEBUG ]  The configuration file for resource identifier '/mchange-commons.properties' could not be found. Skipping.
2019-05-23 18:56:59  [ main:117 ] - [ DEBUG ]  The configuration file for resource identifier '/mchange-log.properties' could not be found. Skipping.
2019-05-23 18:56:59  [ main:118 ] - [ DEBUG ]  The configuration file for resource identifier 'hocon:/reference,/application,/c3p0,/' could not be found. Skipping.
2019-05-23 18:56:59  [ main:118 ] - [ DEBUG ]  The configuration file for resource identifier '/c3p0.properties' could not be found. Skipping.
2019-05-23 18:57:00  [ main:533 ] - [ INFO ]  Initializing c3p0-0.9.5.2 [built 08-December-2015 22:06:04 -0800; debug? true; trace: 10]
2019-05-23 18:57:00  [ main:696 ] - [ DEBUG ]  MBean: com.mchange.v2.c3p0:type=PooledDataSource,identityToken=1hgei9ta21rcsley31t6dk|df27fae,name=1hgei9ta21rcsley31t6dk|df27fae registered.
2019-05-23 18:57:00  [ main:794 ] - [ DEBUG ]  MBean: com.mchange.v2.c3p0:type=PooledDataSource,identityToken=1hgei9ta21rcsley31t6dk|df27fae,name=1hgei9ta21rcsley31t6dk|df27fae unregistered, in order to be reregistered after update.
2019-05-23 18:57:00  [ main:795 ] - [ DEBUG ]  MBean: com.mchange.v2.c3p0:type=PooledDataSource,identityToken=1hgei9ta21rcsley31t6dk|df27fae,name=1hgei9ta21rcsley31t6dk|df27fae registered.
2019-05-23 18:57:00  [ main:873 ] - [ INFO ]  Using default implementation for ThreadExecutor
2019-05-23 18:57:00  [ main:909 ] - [ INFO ]  Initialized Scheduler Signaller of type: class org.quartz.core.SchedulerSignalerImpl
2019-05-23 18:57:00  [ main:909 ] - [ INFO ]  Quartz Scheduler v.2.3.0-SNAPSHOT created.
2019-05-23 18:57:00  [ main:911 ] - [ INFO ]  Using thread monitor-based data access locking (synchronization).
2019-05-23 18:57:00  [ main:913 ] - [ INFO ]  JobStoreTX initialized.
2019-05-23 18:57:00  [ main:915 ] - [ INFO ]  Scheduler meta-data: Quartz Scheduler (v2.3.0-SNAPSHOT) 'MyScheduler' with instanceId 'NON_CLUSTERED'
  Scheduler class: 'org.quartz.core.QuartzScheduler' - running locally.
  NOT STARTED.
  Currently in standby mode.
  Number of jobs executed: 0
  Using thread pool 'org.quartz.simpl.SimpleThreadPool' - with 3 threads.
  Using job-store 'org.quartz.impl.jdbcjobstore.JobStoreTX' - which supports persistence. and is not clustered.

2019-05-23 18:57:00  [ main:915 ] - [ INFO ]  Quartz scheduler 'MyScheduler' initialized from default resource file in Quartz package: 'quartz.properties'
2019-05-23 18:57:00  [ main:915 ] - [ INFO ]  Quartz scheduler version: 2.3.0-SNAPSHOT
2019-05-23 18:57:03  [ main:4385 ] - [ INFO ]  Initializing c3p0 pool... com.mchange.v2.c3p0.ComboPooledDataSource [ acquireIncrement -> 3, acquireRetryAttempts -> 30, acquireRetryDelay -> 1000, autoCommitOnClose -> false, automaticTestTable -> null, breakAfterAcquireFailure -> false, checkoutTimeout -> 0, connectionCustomizerClassName -> null, connectionTesterClassName -> com.mchange.v2.c3p0.impl.DefaultConnectionTester, contextClassLoaderSource -> caller, dataSourceName -> 1hgei9ta21rcsley31t6dk|df27fae, debugUnreturnedConnectionStackTraces -> false, description -> null, driverClass -> com.mysql.jdbc.Driver, extensions -> {}, factoryClassLocation -> null, forceIgnoreUnresolvedTransactions -> false, forceSynchronousCheckins -> false, forceUseNamedDriverClass -> false, identityToken -> 1hgei9ta21rcsley31t6dk|df27fae, idleConnectionTestPeriod -> 0, initialPoolSize -> 3, jdbcUrl -> jdbc:mysql://127.0.0.1:3306/quartz?characterEncoding=utf-8, maxAdministrativeTaskTime -> 0, maxConnectionAge -> 0, maxIdleTime -> 0, maxIdleTimeExcessConnections -> 0, maxPoolSize -> 5, maxStatements -> 0, maxStatementsPerConnection -> 120, minPoolSize -> 1, numHelperThreads -> 3, preferredTestQuery -> null, privilegeSpawnedThreads -> false, properties -> {user=******, password=******}, propertyCycle -> 0, statementCacheNumDeferredCloseThreads -> 0, testConnectionOnCheckin -> false, testConnectionOnCheckout -> false, unreturnedConnectionTimeout -> 0, userOverrides -> {}, usesTraditionalReflectiveProxies -> false ]
2019-05-23 18:57:03  [ main:4427 ] - [ DEBUG ]  The configuration file for resource identifier '/mchange-commons.properties' could not be found. Skipping.
2019-05-23 18:57:03  [ main:4427 ] - [ DEBUG ]  The configuration file for resource identifier '/mchange-log.properties' could not be found. Skipping.
2019-05-23 18:57:03  [ main:4428 ] - [ DEBUG ]  The configuration file for resource identifier '/c3p0.properties' could not be found. Skipping.
2019-05-23 18:57:03  [ main:4428 ] - [ DEBUG ]  The configuration file for resource identifier 'hocon:/reference,/application,/c3p0,/' could not be found. Skipping.
2019-05-23 18:57:03  [ main:4432 ] - [ DEBUG ]  com.mchange.v2.resourcepool.BasicResourcePool@654f0d9c config: [start -> 3; min -> 1; max -> 5; inc -> 3; num_acq_attempts -> 30; acq_attempt_delay -> 1000; check_idle_resources_delay -> 0; max_resource_age -> 0; max_idle_time -> 0; excess_max_idle_time -> 0; destroy_unreturned_resc_time -> 0; expiration_enforcement_delay -> 0; break_on_acquisition_failure -> false; debug_store_checkout_exceptions -> false; force_synchronous_checkins -> false]
2019-05-23 18:57:03  [ main:4432 ] - [ DEBUG ]  Created new pool for auth, username (masked): 'ro******'.
2019-05-23 18:57:03  [ main:4433 ] - [ DEBUG ]  acquire test -- pool size: 0; target_pool_size: 3; desired target? 1
2019-05-23 18:57:03  [ main:4434 ] - [ DEBUG ]  awaitAvailable(): [unknown]
2019-05-23 18:57:04  [ main:4792 ] - [ DEBUG ]  Adding TriggerPersistenceDelegate of type: org.quartz.impl.jdbcjobstore.SimpleTriggerPersistenceDelegate
2019-05-23 18:57:04  [ main:4794 ] - [ DEBUG ]  Adding TriggerPersistenceDelegate of type: org.quartz.impl.jdbcjobstore.CronTriggerPersistenceDelegate
2019-05-23 18:57:04  [ main:4801 ] - [ DEBUG ]  Adding TriggerPersistenceDelegate of type: org.quartz.impl.jdbcjobstore.CalendarIntervalTriggerPersistenceDelegate
2019-05-23 18:57:04  [ main:4806 ] - [ DEBUG ]  Adding TriggerPersistenceDelegate of type: org.quartz.impl.jdbcjobstore.DailyTimeIntervalTriggerPersistenceDelegate
2019-05-23 19:00:36  [ main:216833 ] - [ DEBUG ]  Lock 'TRIGGER_ACCESS' is desired by: main
2019-05-23 19:00:36  [ main:216836 ] - [ DEBUG ]  Lock 'TRIGGER_ACCESS' is being obtained: main
2019-05-23 19:00:36  [ main:216838 ] - [ DEBUG ]  Lock 'TRIGGER_ACCESS' given to: main
2019-05-23 19:00:36  [ main:216849 ] - [ INFO ]  Freed 1 triggers from 'acquired' / 'blocked' state.
2019-05-23 19:00:36  [ main:216874 ] - [ INFO ]  Handling 1 trigger(s) that missed their scheduled fire-time.
2019-05-23 19:00:36  [ main:217006 ] - [ INFO ]  Recovering 0 jobs that were in-progress at the time of the last shut-down.
2019-05-23 19:00:36  [ main:217008 ] - [ INFO ]  Recovery complete.
2019-05-23 19:00:36  [ main:217009 ] - [ INFO ]  Removed 0 'complete' triggers.
2019-05-23 19:00:36  [ main:217010 ] - [ INFO ]  Removed 1 stale fired job entries.
2019-05-23 19:00:36  [ main:217074 ] - [ DEBUG ]  Lock 'TRIGGER_ACCESS' retuned by: main
2019-05-23 19:00:36  [ main:217077 ] - [ DEBUG ]  JobStore background threads started (as scheduler was started).
2019-05-23 19:00:36  [ QuartzScheduler_MyScheduler-NON_CLUSTERED_MisfireHandler:217078 ] - [ DEBUG ]  MisfireHandler: scanning for misfires...
2019-05-23 19:00:36  [ main:217079 ] - [ INFO ]  Scheduler MyScheduler_$_NON_CLUSTERED started.
2019-05-23 19:00:41  [ QuartzScheduler_MyScheduler-NON_CLUSTERED_MisfireHandler:222144 ] - [ DEBUG ]  Found 0 triggers that missed their scheduled fire-time.
2019-05-23 19:00:41  [ MyScheduler_QuartzSchedulerThread:222268 ] - [ DEBUG ]  batch acquisition of 1 triggers
2019-05-23 19:00:41  [ MyScheduler_QuartzSchedulerThread:222269 ] - [ DEBUG ]  Lock 'TRIGGER_ACCESS' is desired by: MyScheduler_QuartzSchedulerThread
2019-05-23 19:00:41  [ MyScheduler_QuartzSchedulerThread:222270 ] - [ DEBUG ]  Lock 'TRIGGER_ACCESS' is being obtained: MyScheduler_QuartzSchedulerThread
2019-05-23 19:00:41  [ MyScheduler_QuartzSchedulerThread:222270 ] - [ DEBUG ]  Lock 'TRIGGER_ACCESS' given to: MyScheduler_QuartzSchedulerThread
2019-05-23 19:00:41  [ MyScheduler_QuartzSchedulerThread:222321 ] - [ DEBUG ]  Lock 'TRIGGER_ACCESS' retuned by: MyScheduler_QuartzSchedulerThread
2019-05-23 19:00:41  [ MyScheduler_QuartzSchedulerThread:222328 ] - [ DEBUG ]  Producing instance of Job 'jobGroup.myjob', class=com.myJob
2019-05-23 19:00:41  [ MyScheduler_Worker-1:222340 ] - [ DEBUG ]  Calling execute on job jobGroup.myjob
2019-05-23 19:00:41  [ MyScheduler_Worker-1:222353 ] - [ INFO ]  Thu May 23 19:00:41 CST 2019 调用Job处理:收到的数据>你好吗
2019-05-23 19:00:41  [ MyScheduler_Worker-1:222356 ] - [ DEBUG ]  Lock 'TRIGGER_ACCESS' is desired by: MyScheduler_Worker-1
2019-05-23 19:00:41  [ MyScheduler_Worker-1:222357 ] - [ DEBUG ]  Lock 'TRIGGER_ACCESS' is being obtained: MyScheduler_Worker-1
2019-05-23 19:00:41  [ MyScheduler_Worker-1:222358 ] - [ DEBUG ]  Lock 'TRIGGER_ACCESS' given to: MyScheduler_Worker-1
2019-05-23 19:00:41  [ MyScheduler_QuartzSchedulerThread:222408 ] - [ DEBUG ]  batch acquisition of 1 triggers
2019-05-23 19:00:41  [ MyScheduler_Worker-1:222443 ] - [ DEBUG ]  Lock 'TRIGGER_ACCESS' retuned by: MyScheduler_Worker-1
2019-05-23 19:00:46  [ MyScheduler_QuartzSchedulerThread:226966 ] - [ DEBUG ]  Lock 'TRIGGER_ACCESS' is desired by: MyScheduler_QuartzSchedulerThread
2019-05-23 19:00:46  [ MyScheduler_QuartzSchedulerThread:226968 ] - [ DEBUG ]  Lock 'TRIGGER_ACCESS' is being obtained: MyScheduler_QuartzSchedulerThread
2019-05-23 19:00:46  [ MyScheduler_QuartzSchedulerThread:226969 ] - [ DEBUG ]  Lock 'TRIGGER_ACCESS' given to: MyScheduler_QuartzSchedulerThread
2019-05-23 19:00:46  [ MyScheduler_QuartzSchedulerThread:227158 ] - [ DEBUG ]  Lock 'TRIGGER_ACCESS' retuned by: MyScheduler_QuartzSchedulerThread
2019-05-23 19:00:46  [ MyScheduler_QuartzSchedulerThread:227160 ] - [ DEBUG ]  Producing instance of Job 'jobGroup.myjob', class=com.myJob
2019-05-23 19:00:46  [ MyScheduler_Worker-2:227162 ] - [ DEBUG ]  Calling execute on job jobGroup.myjob
2019-05-23 19:00:46  [ MyScheduler_Worker-2:227163 ] - [ INFO ]  Thu May 23 19:00:46 CST 2019 调用Job处理:收到的数据>你好吗
2019-05-23 19:00:46  [ MyScheduler_Worker-2:227163 ] - [ DEBUG ]  Lock 'TRIGGER_ACCESS' is desired by: MyScheduler_Worker-2
2019-05-23 19:00:46  [ MyScheduler_Worker-2:227164 ] - [ DEBUG ]  Lock 'TRIGGER_ACCESS' is being obtained: MyScheduler_Worker-2
2019-05-23 19:00:46  [ MyScheduler_Worker-2:227164 ] - [ DEBUG ]  Lock 'TRIGGER_ACCESS' given to: MyScheduler_Worker-2
2019-05-23 19:00:46  [ MyScheduler_Worker-2:227201 ] - [ DEBUG ]  Lock 'TRIGGER_ACCESS' retuned by: MyScheduler_Worker-2
2019-05-23 19:00:46  [ MyScheduler_QuartzSchedulerThread:227236 ] - [ DEBUG ]  batch acquisition of 1 triggers
2019-05-23 19:00:56  [ MyScheduler_QuartzSchedulerThread:236966 ] - [ DEBUG ]  Lock 'TRIGGER_ACCESS' is desired by: MyScheduler_QuartzSchedulerThread
2019-05-23 19:00:56  [ MyScheduler_QuartzSchedulerThread:236966 ] - [ DEBUG ]  Lock 'TRIGGER_ACCESS' is being obtained: MyScheduler_QuartzSchedulerThread
2019-05-23 19:00:56  [ MyScheduler_QuartzSchedulerThread:236967 ] - [ DEBUG ]  Lock 'TRIGGER_ACCESS' given to: MyScheduler_QuartzSchedulerThread
2019-05-23 19:00:56  [ MyScheduler_QuartzSchedulerThread:237043 ] - [ DEBUG ]  Lock 'TRIGGER_ACCESS' retuned by: MyScheduler_QuartzSchedulerThread
2019-05-23 19:00:56  [ MyScheduler_QuartzSchedulerThread:237045 ] - [ DEBUG ]  Producing instance of Job 'jobGroup.myjob', class=com.myJob
2019-05-23 19:00:56  [ MyScheduler_Worker-3:237045 ] - [ DEBUG ]  Calling execute on job jobGroup.myjob
2019-05-23 19:00:56  [ MyScheduler_Worker-3:237046 ] - [ INFO ]  Thu May 23 19:00:56 CST 2019 调用Job处理:收到的数据>你好吗
2019-05-23 19:00:56  [ MyScheduler_Worker-3:237047 ] - [ DEBUG ]  Lock 'TRIGGER_ACCESS' is desired by: MyScheduler_Worker-3
2019-05-23 19:00:56  [ MyScheduler_Worker-3:237048 ] - [ DEBUG ]  Lock 'TRIGGER_ACCESS' is being obtained: MyScheduler_Worker-3
2019-05-23 19:00:56  [ MyScheduler_Worker-3:237048 ] - [ DEBUG ]  Lock 'TRIGGER_ACCESS' given to: MyScheduler_Worker-3
2019-05-23 19:00:56  [ MyScheduler_Worker-3:237110 ] - [ DEBUG ]  Lock 'TRIGGER_ACCESS' retuned by: MyScheduler_Worker-3
2019-05-23 19:00:56  [ MyScheduler_QuartzSchedulerThread:237142 ] - [ DEBUG ]  batch acquisition of 1 triggers
2019-05-23 19:01:06  [ MyScheduler_QuartzSchedulerThread:246967 ] - [ DEBUG ]  Lock 'TRIGGER_ACCESS' is desired by: MyScheduler_QuartzSchedulerThread
2019-05-23 19:01:06  [ MyScheduler_QuartzSchedulerThread:246967 ] - [ DEBUG ]  Lock 'TRIGGER_ACCESS' is being obtained: MyScheduler_QuartzSchedulerThread
2019-05-23 19:01:06  [ MyScheduler_QuartzSchedulerThread:246968 ] - [ DEBUG ]  Lock 'TRIGGER_ACCESS' given to: MyScheduler_QuartzSchedulerThread
2019-05-23 19:01:06  [ MyScheduler_QuartzSchedulerThread:247050 ] - [ DEBUG ]  Lock 'TRIGGER_ACCESS' retuned by: MyScheduler_QuartzSchedulerThread
2019-05-23 19:01:06  [ MyScheduler_QuartzSchedulerThread:247052 ] - [ DEBUG ]  Producing instance of Job 'jobGroup.myjob', class=com.myJob
2019-05-23 19:01:06  [ MyScheduler_Worker-1:247053 ] - [ DEBUG ]  Calling execute on job jobGroup.myjob
2019-05-23 19:01:06  [ MyScheduler_Worker-1:247053 ] - [ INFO ]  Thu May 23 19:01:06 CST 2019 调用Job处理:收到的数据>你好吗
2019-05-23 19:01:06  [ MyScheduler_Worker-1:247054 ] - [ DEBUG ]  Lock 'TRIGGER_ACCESS' is desired by: MyScheduler_Worker-1
2019-05-23 19:01:06  [ MyScheduler_Worker-1:247054 ] - [ DEBUG ]  Lock 'TRIGGER_ACCESS' is being obtained: MyScheduler_Worker-1
2019-05-23 19:01:06  [ MyScheduler_Worker-1:247055 ] - [ DEBUG ]  Lock 'TRIGGER_ACCESS' given to: MyScheduler_Worker-1
2019-05-23 19:01:06  [ MyScheduler_Worker-1:247106 ] - [ DEBUG ]  Lock 'TRIGGER_ACCESS' retuned by: MyScheduler_Worker-1
2019-05-23 19:01:06  [ MyScheduler_QuartzSchedulerThread:247138 ] - [ DEBUG ]  batch acquisition of 1 triggers
2019-05-23 19:01:16  [ MyScheduler_QuartzSchedulerThread:256966 ] - [ DEBUG ]  Lock 'TRIGGER_ACCESS' is desired by: MyScheduler_QuartzSchedulerThread
2019-05-23 19:01:16  [ MyScheduler_QuartzSchedulerThread:256967 ] - [ DEBUG ]  Lock 'TRIGGER_ACCESS' is being obtained: MyScheduler_QuartzSchedulerThread
2019-05-23 19:01:16  [ MyScheduler_QuartzSchedulerThread:256967 ] - [ DEBUG ]  Lock 'TRIGGER_ACCESS' given to: MyScheduler_QuartzSchedulerThread
2019-05-23 19:01:16  [ MyScheduler_QuartzSchedulerThread:257067 ] - [ DEBUG ]  Lock 'TRIGGER_ACCESS' retuned by: MyScheduler_QuartzSchedulerThread
2019-05-23 19:01:16  [ MyScheduler_QuartzSchedulerThread:257068 ] - [ DEBUG ]  Producing instance of Job 'jobGroup.myjob', class=com.myJob
2019-05-23 19:01:16  [ MyScheduler_Worker-2:257070 ] - [ DEBUG ]  Calling execute on job jobGroup.myjob
2019-05-23 19:01:16  [ MyScheduler_Worker-2:257070 ] - [ INFO ]  Thu May 23 19:01:16 CST 2019 调用Job处理:收到的数据>你好吗
2019-05-23 19:01:16  [ MyScheduler_Worker-2:257071 ] - [ DEBUG ]  Lock 'TRIGGER_ACCESS' is desired by: MyScheduler_Worker-2
2019-05-23 19:01:16  [ MyScheduler_Worker-2:257072 ] - [ DEBUG ]  Lock 'TRIGGER_ACCESS' is being obtained: MyScheduler_Worker-2
2019-05-23 19:01:16  [ MyScheduler_Worker-2:257072 ] - [ DEBUG ]  Lock 'TRIGGER_ACCESS' given to: MyScheduler_Worker-2
2019-05-23 19:01:16  [ MyScheduler_Worker-2:257213 ] - [ DEBUG ]  Lock 'TRIGGER_ACCESS' retuned by: MyScheduler_Worker-2
2019-05-23 19:01:16  [ MyScheduler_QuartzSchedulerThread:257245 ] - [ DEBUG ]  batch acquisition of 1 triggers
2019-05-23 19:01:26  [ MyScheduler_QuartzSchedulerThread:266966 ] - [ DEBUG ]  Lock 'TRIGGER_ACCESS' is desired by: MyScheduler_QuartzSchedulerThread
2019-05-23 19:01:26  [ MyScheduler_QuartzSchedulerThread:266966 ] - [ DEBUG ]  Lock 'TRIGGER_ACCESS' is being obtained: MyScheduler_QuartzSchedulerThread
2019-05-23 19:01:26  [ MyScheduler_QuartzSchedulerThread:266967 ] - [ DEBUG ]  Lock 'TRIGGER_ACCESS' given to: MyScheduler_QuartzSchedulerThread
2019-05-23 19:01:26  [ MyScheduler_QuartzSchedulerThread:267032 ] - [ DEBUG ]  Lock 'TRIGGER_ACCESS' retuned by: MyScheduler_QuartzSchedulerThread
2019-05-23 19:01:26  [ MyScheduler_QuartzSchedulerThread:267034 ] - [ DEBUG ]  Producing instance of Job 'jobGroup.myjob', class=com.myJob
2019-05-23 19:01:26  [ MyScheduler_Worker-3:267035 ] - [ DEBUG ]  Calling execute on job jobGroup.myjob
2019-05-23 19:01:26  [ MyScheduler_Worker-3:267035 ] - [ INFO ]  Thu May 23 19:01:26 CST 2019 调用Job处理:收到的数据>你好吗
2019-05-23 19:01:26  [ MyScheduler_Worker-3:267036 ] - [ DEBUG ]  Lock 'TRIGGER_ACCESS' is desired by: MyScheduler_Worker-3
2019-05-23 19:01:26  [ MyScheduler_Worker-3:267036 ] - [ DEBUG ]  Lock 'TRIGGER_ACCESS' is being obtained: MyScheduler_Worker-3
2019-05-23 19:01:26  [ MyScheduler_Worker-3:267037 ] - [ DEBUG ]  Lock 'TRIGGER_ACCESS' given to: MyScheduler_Worker-3
2019-05-23 19:01:26  [ MyScheduler_Worker-3:267086 ] - [ DEBUG ]  Lock 'TRIGGER_ACCESS' retuned by: MyScheduler_Worker-3
2019-05-23 19:01:26  [ MyScheduler_QuartzSchedulerThread:267118 ] - [ DEBUG ]  batch acquisition of 1 triggers
2019-05-23 19:01:36  [ MyScheduler_QuartzSchedulerThread:276966 ] - [ DEBUG ]  Lock 'TRIGGER_ACCESS' is desired by: MyScheduler_QuartzSchedulerThread
2019-05-23 19:01:36  [ MyScheduler_QuartzSchedulerThread:276967 ] - [ DEBUG ]  Lock 'TRIGGER_ACCESS' is being obtained: MyScheduler_QuartzSchedulerThread
2019-05-23 19:01:36  [ MyScheduler_QuartzSchedulerThread:276967 ] - [ DEBUG ]  Lock 'TRIGGER_ACCESS' given to: MyScheduler_QuartzSchedulerThread
2019-05-23 19:01:36  [ QuartzScheduler_MyScheduler-NON_CLUSTERED_MisfireHandler:277079 ] - [ DEBUG ]  MisfireHandler: scanning for misfires...
2019-05-23 19:01:36  [ QuartzScheduler_MyScheduler-NON_CLUSTERED_MisfireHandler:277082 ] - [ DEBUG ]  Found 0 triggers that missed their scheduled fire-time.
2019-05-23 19:01:36  [ MyScheduler_QuartzSchedulerThread:277126 ] - [ DEBUG ]  Lock 'TRIGGER_ACCESS' retuned by: MyScheduler_QuartzSchedulerThread
2019-05-23 19:01:36  [ MyScheduler_QuartzSchedulerThread:277127 ] - [ DEBUG ]  Producing instance of Job 'jobGroup.myjob', class=com.myJob
2019-05-23 19:01:36  [ MyScheduler_Worker-1:277128 ] - [ DEBUG ]  Calling execute on job jobGroup.myjob
2019-05-23 19:01:36  [ MyScheduler_Worker-1:277129 ] - [ INFO ]  Thu May 23 19:01:36 CST 2019 调用Job处理:收到的数据>你好吗
2019-05-23 19:01:36  [ MyScheduler_Worker-1:277129 ] - [ DEBUG ]  Lock 'TRIGGER_ACCESS' is desired by: MyScheduler_Worker-1
2019-05-23 19:01:36  [ MyScheduler_Worker-1:277130 ] - [ DEBUG ]  Lock 'TRIGGER_ACCESS' is being obtained: MyScheduler_Worker-1
2019-05-23 19:01:36  [ MyScheduler_Worker-1:277130 ] - [ DEBUG ]  Lock 'TRIGGER_ACCESS' given to: MyScheduler_Worker-1
2019-05-23 19:01:36  [ MyScheduler_Worker-1:277316 ] - [ DEBUG ]  Lock 'TRIGGER_ACCESS' retuned by: MyScheduler_Worker-1
2019-05-23 19:01:36  [ MyScheduler_QuartzSchedulerThread:277398 ] - [ DEBUG ]  batch acquisition of 1 triggers
2019-05-23 19:01:46  [ MyScheduler_QuartzSchedulerThread:286966 ] - [ DEBUG ]  Lock 'TRIGGER_ACCESS' is desired by: MyScheduler_QuartzSchedulerThread
2019-05-23 19:01:46  [ MyScheduler_QuartzSchedulerThread:286967 ] - [ DEBUG ]  Lock 'TRIGGER_ACCESS' is being obtained: MyScheduler_QuartzSchedulerThread
2019-05-23 19:01:46  [ MyScheduler_QuartzSchedulerThread:286968 ] - [ DEBUG ]  Lock 'TRIGGER_ACCESS' given to: MyScheduler_QuartzSchedulerThread
2019-05-23 19:01:46  [ MyScheduler_QuartzSchedulerThread:287045 ] - [ DEBUG ]  Lock 'TRIGGER_ACCESS' retuned by: MyScheduler_QuartzSchedulerThread
2019-05-23 19:01:46  [ MyScheduler_QuartzSchedulerThread:287046 ] - [ DEBUG ]  Producing instance of Job 'jobGroup.myjob', class=com.myJob
2019-05-23 19:01:46  [ MyScheduler_Worker-2:287046 ] - [ DEBUG ]  Calling execute on job jobGroup.myjob
2019-05-23 19:01:46  [ MyScheduler_Worker-2:287046 ] - [ INFO ]  Thu May 23 19:01:46 CST 2019 调用Job处理:收到的数据>你好吗
2019-05-23 19:01:46  [ MyScheduler_Worker-2:287047 ] - [ DEBUG ]  Lock 'TRIGGER_ACCESS' is desired by: MyScheduler_Worker-2
2019-05-23 19:01:46  [ MyScheduler_Worker-2:287047 ] - [ DEBUG ]  Lock 'TRIGGER_ACCESS' is being obtained: MyScheduler_Worker-2
2019-05-23 19:01:46  [ MyScheduler_Worker-2:287047 ] - [ DEBUG ]  Lock 'TRIGGER_ACCESS' given to: MyScheduler_Worker-2
2019-05-23 19:01:46  [ MyScheduler_Worker-2:287077 ] - [ DEBUG ]  Lock 'TRIGGER_ACCESS' retuned by: MyScheduler_Worker-2
2019-05-23 19:01:46  [ MyScheduler_QuartzSchedulerThread:287113 ] - [ DEBUG ]  batch acquisition of 1 triggers
2019-05-23 19:01:56  [ MyScheduler_QuartzSchedulerThread:296967 ] - [ DEBUG ]  Lock 'TRIGGER_ACCESS' is desired by: MyScheduler_QuartzSchedulerThread
2019-05-23 19:01:56  [ MyScheduler_QuartzSchedulerThread:296967 ] - [ DEBUG ]  Lock 'TRIGGER_ACCESS' is being obtained: MyScheduler_QuartzSchedulerThread
2019-05-23 19:01:56  [ MyScheduler_QuartzSchedulerThread:296968 ] - [ DEBUG ]  Lock 'TRIGGER_ACCESS' given to: MyScheduler_QuartzSchedulerThread
2019-05-23 19:01:56  [ MyScheduler_QuartzSchedulerThread:297040 ] - [ DEBUG ]  Lock 'TRIGGER_ACCESS' retuned by: MyScheduler_QuartzSchedulerThread
2019-05-23 19:01:56  [ MyScheduler_QuartzSchedulerThread:297041 ] - [ DEBUG ]  Producing instance of Job 'jobGroup.myjob', class=com.myJob
2019-05-23 19:01:56  [ MyScheduler_Worker-3:297042 ] - [ DEBUG ]  Calling execute on job jobGroup.myjob
2019-05-23 19:01:56  [ MyScheduler_Worker-3:297043 ] - [ INFO ]  Thu May 23 19:01:56 CST 2019 调用Job处理:收到的数据>你好吗
2019-05-23 19:01:56  [ MyScheduler_Worker-3:297044 ] - [ DEBUG ]  Lock 'TRIGGER_ACCESS' is desired by: MyScheduler_Worker-3
2019-05-23 19:01:56  [ MyScheduler_Worker-3:297044 ] - [ DEBUG ]  Lock 'TRIGGER_ACCESS' is being obtained: MyScheduler_Worker-3
2019-05-23 19:01:56  [ MyScheduler_Worker-3:297045 ] - [ DEBUG ]  Lock 'TRIGGER_ACCESS' given to: MyScheduler_Worker-3
2019-05-23 19:01:56  [ MyScheduler_QuartzSchedulerThread:297046 ] - [ DEBUG ]  batch acquisition of 0 triggers
2019-05-23 19:01:56  [ MyScheduler_Worker-3:297056 ] - [ DEBUG ]  Deleting job: jobGroup.myjob
2019-05-23 19:01:56  [ MyScheduler_Worker-3:297097 ] - [ DEBUG ]  Lock 'TRIGGER_ACCESS' retuned by: MyScheduler_Worker-3
2019-05-23 19:02:23  [ MyScheduler_QuartzSchedulerThread:323881 ] - [ DEBUG ]  batch acquisition of 0 triggers
2019-05-23 19:02:36  [ QuartzScheduler_MyScheduler-NON_CLUSTERED_MisfireHandler:337079 ] - [ DEBUG ]  MisfireHandler: scanning for misfires...
2019-05-23 19:02:36  [ QuartzScheduler_MyScheduler-NON_CLUSTERED_MisfireHandler:337082 ] - [ DEBUG ]  Found 0 triggers that missed their scheduled fire-time.
2019-05-23 19:02:51  [ MyScheduler_QuartzSchedulerThread:352175 ] - [ DEBUG ]  batch acquisition of 0 triggers
